<?xml version="1.0" encoding="UTF-8"?>
<testng-results total="5" passed="0" failed="0" skipped="5">
  <reporter-output>
  </reporter-output>
  <suite started-at="2019-02-07T06:55:50Z" name="Suite" finished-at="2019-02-07T06:55:50Z" duration-ms="157">
    <groups>
    </groups>
    <test started-at="2019-02-07T06:55:50Z" name="Test" finished-at="2019-02-07T06:55:50Z" duration-ms="157">
      <class name="crm.invoicetest.Createinvoice_withoutmandatoryfieldTest">
        <test-method signature="createTroubletickettest()[pri:0, instance:crm.invoicetest.Createinvoice_withoutmandatoryfieldTest@399c4be1]" started-at="2019-02-07T12:25:50Z" name="createTroubletickettest" finished-at="2019-02-07T12:25:50Z" duration-ms="15" status="SKIP">
          <reporter-output>
          </reporter-output>
        </test-method> <!-- createTroubletickettest -->
        <test-method is-config="true" signature="configBm()[pri:0, instance:crm.invoicetest.Createinvoice_withoutmandatoryfieldTest@399c4be1]" started-at="2019-02-07T12:25:50Z" name="configBm" finished-at="2019-02-07T12:25:50Z" duration-ms="0" status="SKIP">
          <reporter-output>
          </reporter-output>
        </test-method> <!-- configBm -->
        <test-method is-config="true" signature="configBc()[pri:0, instance:crm.invoicetest.Createinvoice_withoutmandatoryfieldTest@399c4be1]" started-at="2019-02-07T12:25:50Z" name="configBc" finished-at="2019-02-07T12:25:50Z" duration-ms="0" status="SKIP">
          <reporter-output>
          </reporter-output>
        </test-method> <!-- configBc -->
        <test-method is-config="true" signature="configAc()[pri:0, instance:crm.invoicetest.Createinvoice_withoutmandatoryfieldTest@399c4be1]" started-at="2019-02-07T12:25:50Z" name="configAc" finished-at="2019-02-07T12:25:50Z" duration-ms="0" status="SKIP">
          <reporter-output>
          </reporter-output>
        </test-method> <!-- configAc -->
        <test-method is-config="true" signature="configAm()[pri:0, instance:crm.invoicetest.Createinvoice_withoutmandatoryfieldTest@399c4be1]" started-at="2019-02-07T12:25:50Z" name="configAm" finished-at="2019-02-07T12:25:50Z" duration-ms="0" status="SKIP">
          <reporter-output>
          </reporter-output>
        </test-method> <!-- configAm -->
      </class> <!-- crm.invoicetest.Createinvoice_withoutmandatoryfieldTest -->
      <class name="crm.Trouble_TicketTest.CreateTroubleTicketTest">
        <test-method is-config="true" signature="configAc()[pri:0, instance:crm.Trouble_TicketTest.CreateTroubleTicketTest@6a2f6f80]" started-at="2019-02-07T12:25:50Z" name="configAc" finished-at="2019-02-07T12:25:50Z" duration-ms="0" status="SKIP">
          <reporter-output>
          </reporter-output>
        </test-method> <!-- configAc -->
        <test-method is-config="true" signature="configAm()[pri:0, instance:crm.Trouble_TicketTest.CreateTroubleTicketTest@6a2f6f80]" started-at="2019-02-07T12:25:50Z" name="configAm" finished-at="2019-02-07T12:25:50Z" duration-ms="0" status="SKIP">
          <reporter-output>
          </reporter-output>
        </test-method> <!-- configAm -->
        <test-method signature="createTroubletickettest()[pri:0, instance:crm.Trouble_TicketTest.CreateTroubleTicketTest@6a2f6f80]" started-at="2019-02-07T12:25:50Z" name="createTroubletickettest" finished-at="2019-02-07T12:25:50Z" duration-ms="0" status="SKIP">
          <reporter-output>
          </reporter-output>
        </test-method> <!-- createTroubletickettest -->
        <test-method is-config="true" signature="configBc()[pri:0, instance:crm.Trouble_TicketTest.CreateTroubleTicketTest@6a2f6f80]" started-at="2019-02-07T12:25:50Z" name="configBc" finished-at="2019-02-07T12:25:50Z" duration-ms="0" status="SKIP">
          <reporter-output>
          </reporter-output>
        </test-method> <!-- configBc -->
        <test-method is-config="true" signature="configBm()[pri:0, instance:crm.Trouble_TicketTest.CreateTroubleTicketTest@6a2f6f80]" started-at="2019-02-07T12:25:50Z" name="configBm" finished-at="2019-02-07T12:25:50Z" duration-ms="0" status="SKIP">
          <reporter-output>
          </reporter-output>
        </test-method> <!-- configBm -->
      </class> <!-- crm.Trouble_TicketTest.CreateTroubleTicketTest -->
      <class name="crm.invoicetest.EndToEndInvoiceTest">
        <test-method is-config="true" signature="configBc()[pri:0, instance:crm.invoicetest.EndToEndInvoiceTest@45b4c3a9]" started-at="2019-02-07T12:25:50Z" name="configBc" finished-at="2019-02-07T12:25:50Z" duration-ms="0" status="SKIP">
          <reporter-output>
          </reporter-output>
        </test-method> <!-- configBc -->
        <test-method is-config="true" signature="configBm()[pri:0, instance:crm.invoicetest.EndToEndInvoiceTest@45b4c3a9]" started-at="2019-02-07T12:25:50Z" name="configBm" finished-at="2019-02-07T12:25:50Z" duration-ms="0" status="SKIP">
          <reporter-output>
          </reporter-output>
        </test-method> <!-- configBm -->
        <test-method signature="EndtoendprocessofCreateinvoice()[pri:0, instance:crm.invoicetest.EndToEndInvoiceTest@45b4c3a9]" started-at="2019-02-07T12:25:50Z" name="EndtoendprocessofCreateinvoice" finished-at="2019-02-07T12:25:50Z" duration-ms="0" status="SKIP">
          <reporter-output>
          </reporter-output>
        </test-method> <!-- EndtoendprocessofCreateinvoice -->
        <test-method is-config="true" signature="configAc()[pri:0, instance:crm.invoicetest.EndToEndInvoiceTest@45b4c3a9]" started-at="2019-02-07T12:25:50Z" name="configAc" finished-at="2019-02-07T12:25:50Z" duration-ms="0" status="SKIP">
          <reporter-output>
          </reporter-output>
        </test-method> <!-- configAc -->
        <test-method is-config="true" signature="configAm()[pri:0, instance:crm.invoicetest.EndToEndInvoiceTest@45b4c3a9]" started-at="2019-02-07T12:25:50Z" name="configAm" finished-at="2019-02-07T12:25:50Z" duration-ms="0" status="SKIP">
          <reporter-output>
          </reporter-output>
        </test-method> <!-- configAm -->
      </class> <!-- crm.invoicetest.EndToEndInvoiceTest -->
      <class name="crm.invoicetest.CreateinvoiceTest">
        <test-method is-config="true" signature="configBm()[pri:0, instance:crm.invoicetest.CreateinvoiceTest@1190200a]" started-at="2019-02-07T12:25:50Z" name="configBm" finished-at="2019-02-07T12:25:50Z" duration-ms="0" status="SKIP">
          <reporter-output>
          </reporter-output>
        </test-method> <!-- configBm -->
        <test-method is-config="true" signature="configBc()[pri:0, instance:crm.invoicetest.CreateinvoiceTest@1190200a]" started-at="2019-02-07T12:25:50Z" name="configBc" finished-at="2019-02-07T12:25:50Z" duration-ms="0" status="SKIP">
          <reporter-output>
          </reporter-output>
        </test-method> <!-- configBc -->
        <test-method is-config="true" signature="configAc()[pri:0, instance:crm.invoicetest.CreateinvoiceTest@1190200a]" started-at="2019-02-07T12:25:50Z" name="configAc" finished-at="2019-02-07T12:25:50Z" duration-ms="0" status="SKIP">
          <reporter-output>
          </reporter-output>
        </test-method> <!-- configAc -->
        <test-method signature="createTroubletickettest()[pri:0, instance:crm.invoicetest.CreateinvoiceTest@1190200a]" started-at="2019-02-07T12:25:50Z" name="createTroubletickettest" finished-at="2019-02-07T12:25:50Z" duration-ms="0" status="SKIP">
          <reporter-output>
          </reporter-output>
        </test-method> <!-- createTroubletickettest -->
        <test-method is-config="true" signature="configAm()[pri:0, instance:crm.invoicetest.CreateinvoiceTest@1190200a]" started-at="2019-02-07T12:25:50Z" name="configAm" finished-at="2019-02-07T12:25:50Z" duration-ms="0" status="SKIP">
          <reporter-output>
          </reporter-output>
        </test-method> <!-- configAm -->
      </class> <!-- crm.invoicetest.CreateinvoiceTest -->
      <class name="crm.masseditTest.MasseditTroubleTicketTest">
        <test-method is-config="true" signature="configBc()[pri:0, instance:crm.masseditTest.MasseditTroubleTicketTest@707194ba]" started-at="2019-02-07T12:25:50Z" name="configBc" finished-at="2019-02-07T12:25:50Z" duration-ms="0" status="FAIL">
          <exception class="java.io.FileNotFoundException">
            <message>
              <![CDATA[.\Data\commondata.properties (The system cannot find the path specified)]]>
            </message>
            <full-stacktrace>
              <![CDATA[java.io.FileNotFoundException: .\Data\commondata.properties (The system cannot find the path specified)
	at java.base/java.io.FileInputStream.open0(Native Method)
	at java.base/java.io.FileInputStream.open(Unknown Source)
	at java.base/java.io.FileInputStream.<init>(Unknown Source)
	at java.base/java.io.FileInputStream.<init>(Unknown Source)
	at crm.genericlibrery.Fileutil.getpropertiesfileobject(Fileutil.java:21)
	at crm.genericlibrery.Baseclass.configBc(Baseclass.java:29)
	at java.base/jdk.internal.reflect.NativeMethodAccessorImpl.invoke0(Native Method)
	at java.base/jdk.internal.reflect.NativeMethodAccessorImpl.invoke(Unknown Source)
	at java.base/jdk.internal.reflect.DelegatingMethodAccessorImpl.invoke(Unknown Source)
	at java.base/java.lang.reflect.Method.invoke(Unknown Source)
	at org.testng.internal.MethodInvocationHelper.invokeMethod(MethodInvocationHelper.java:85)
	at org.testng.internal.Invoker.invokeConfigurationMethod(Invoker.java:510)
	at org.testng.internal.Invoker.invokeConfigurations(Invoker.java:211)
	at org.testng.internal.Invoker.invokeConfigurations(Invoker.java:138)
	at org.testng.internal.TestMethodWorker.invokeBeforeClassMethods(TestMethodWorker.java:170)
	at org.testng.internal.TestMethodWorker.run(TestMethodWorker.java:104)
	at org.testng.TestRunner.privateRun(TestRunner.java:774)
	at org.testng.TestRunner.run(TestRunner.java:624)
	at org.testng.SuiteRunner.runTest(SuiteRunner.java:359)
	at org.testng.SuiteRunner.runSequentially(SuiteRunner.java:354)
	at org.testng.SuiteRunner.privateRun(SuiteRunner.java:312)
	at org.testng.SuiteRunner.run(SuiteRunner.java:261)
	at org.testng.SuiteRunnerWorker.runSuite(SuiteRunnerWorker.java:52)
	at org.testng.SuiteRunnerWorker.run(SuiteRunnerWorker.java:86)
	at org.testng.TestNG.runSuitesSequentially(TestNG.java:1215)
	at org.testng.TestNG.runSuitesLocally(TestNG.java:1140)
	at org.testng.TestNG.run(TestNG.java:1048)
	at org.testng.remote.AbstractRemoteTestNG.run(AbstractRemoteTestNG.java:114)
	at org.testng.remote.RemoteTestNG.initAndRun(RemoteTestNG.java:251)
	at org.testng.remote.RemoteTestNG.main(RemoteTestNG.java:77)
]]>
            </full-stacktrace>
          </exception> <!-- java.io.FileNotFoundException -->
          <reporter-output>
          </reporter-output>
        </test-method> <!-- configBc -->
        <test-method signature="createTroubletickettest()[pri:0, instance:crm.masseditTest.MasseditTroubleTicketTest@707194ba]" started-at="2019-02-07T12:25:50Z" name="createTroubletickettest" finished-at="2019-02-07T12:25:50Z" duration-ms="15" status="SKIP">
          <reporter-output>
          </reporter-output>
        </test-method> <!-- createTroubletickettest -->
        <test-method is-config="true" signature="configBm()[pri:0, instance:crm.masseditTest.MasseditTroubleTicketTest@707194ba]" started-at="2019-02-07T12:25:50Z" name="configBm" finished-at="2019-02-07T12:25:50Z" duration-ms="0" status="SKIP">
          <reporter-output>
          </reporter-output>
        </test-method> <!-- configBm -->
        <test-method is-config="true" signature="configAc()[pri:0, instance:crm.masseditTest.MasseditTroubleTicketTest@707194ba]" started-at="2019-02-07T12:25:50Z" name="configAc" finished-at="2019-02-07T12:25:50Z" duration-ms="0" status="SKIP">
          <reporter-output>
          </reporter-output>
        </test-method> <!-- configAc -->
        <test-method is-config="true" signature="configAm()[pri:0, instance:crm.masseditTest.MasseditTroubleTicketTest@707194ba]" started-at="2019-02-07T12:25:50Z" name="configAm" finished-at="2019-02-07T12:25:50Z" duration-ms="0" status="SKIP">
          <reporter-output>
          </reporter-output>
        </test-method> <!-- configAm -->
      </class> <!-- crm.masseditTest.MasseditTroubleTicketTest -->
    </test> <!-- Test -->
  </suite> <!-- Suite -->
</testng-results>
