<?xml version="1.0" encoding="UTF-8"?>
<!-- Generated by org.testng.reporters.JUnitXMLReporter -->
<testsuite hostname="Dip-PC" failures="0" tests="5" name="Test" time="0.157" errors="0" timestamp="7 Feb 2019 06:55:50 GMT">
  <testcase classname="crm.masseditTest.MasseditTroubleTicketTest" name="@BeforeClass configBc" time="0.0">
    <failure type="java.io.FileNotFoundException" message=".\Data\commondata.properties (The system cannot find the path specified)">
      <![CDATA[java.io.FileNotFoundException: .\Data\commondata.properties (The system cannot find the path specified)
	at java.base/java.io.FileInputStream.open0(Native Method)
	at java.base/java.io.FileInputStream.open(Unknown Source)
	at java.base/java.io.FileInputStream.<init>(Unknown Source)
	at java.base/java.io.FileInputStream.<init>(Unknown Source)
	at crm.genericlibrery.Fileutil.getpropertiesfileobject(Fileutil.java:21)
	at crm.genericlibrery.Baseclass.configBc(Baseclass.java:29)
... Removed 24 stack frames]]>
    </failure>
  </testcase> <!-- @BeforeClass configBc -->
  <testcase classname="crm.masseditTest.MasseditTroubleTicketTest" name="@BeforeMethod configBm" time="0.0">
    <skipped/>
  </testcase> <!-- @BeforeMethod configBm -->
  <testcase classname="crm.masseditTest.MasseditTroubleTicketTest" name="@AfterMethod configAm" time="0.0">
    <skipped/>
  </testcase> <!-- @AfterMethod configAm -->
  <testcase classname="crm.masseditTest.MasseditTroubleTicketTest" name="@AfterClass configAc" time="0.0">
    <skipped/>
  </testcase> <!-- @AfterClass configAc -->
  <testcase classname="crm.invoicetest.CreateinvoiceTest" name="@BeforeClass configBc" time="0.0">
    <skipped/>
  </testcase> <!-- @BeforeClass configBc -->
  <testcase classname="crm.invoicetest.CreateinvoiceTest" name="@BeforeMethod configBm" time="0.0">
    <skipped/>
  </testcase> <!-- @BeforeMethod configBm -->
  <testcase classname="crm.invoicetest.CreateinvoiceTest" name="@AfterMethod configAm" time="0.0">
    <skipped/>
  </testcase> <!-- @AfterMethod configAm -->
  <testcase classname="crm.invoicetest.CreateinvoiceTest" name="@AfterClass configAc" time="0.0">
    <skipped/>
  </testcase> <!-- @AfterClass configAc -->
  <testcase classname="crm.Trouble_TicketTest.CreateTroubleTicketTest" name="@BeforeClass configBc" time="0.0">
    <skipped/>
  </testcase> <!-- @BeforeClass configBc -->
  <testcase classname="crm.Trouble_TicketTest.CreateTroubleTicketTest" name="@BeforeMethod configBm" time="0.0">
    <skipped/>
  </testcase> <!-- @BeforeMethod configBm -->
  <testcase classname="crm.Trouble_TicketTest.CreateTroubleTicketTest" name="@AfterMethod configAm" time="0.0">
    <skipped/>
  </testcase> <!-- @AfterMethod configAm -->
  <testcase classname="crm.Trouble_TicketTest.CreateTroubleTicketTest" name="@AfterClass configAc" time="0.0">
    <skipped/>
  </testcase> <!-- @AfterClass configAc -->
  <testcase classname="crm.invoicetest.EndToEndInvoiceTest" name="@BeforeClass configBc" time="0.0">
    <skipped/>
  </testcase> <!-- @BeforeClass configBc -->
  <testcase classname="crm.invoicetest.EndToEndInvoiceTest" name="@BeforeMethod configBm" time="0.0">
    <skipped/>
  </testcase> <!-- @BeforeMethod configBm -->
  <testcase classname="crm.invoicetest.EndToEndInvoiceTest" name="@AfterMethod configAm" time="0.0">
    <skipped/>
  </testcase> <!-- @AfterMethod configAm -->
  <testcase classname="crm.invoicetest.EndToEndInvoiceTest" name="@AfterClass configAc" time="0.0">
    <skipped/>
  </testcase> <!-- @AfterClass configAc -->
  <testcase classname="crm.invoicetest.Createinvoice_withoutmandatoryfieldTest" name="@BeforeClass configBc" time="0.0">
    <skipped/>
  </testcase> <!-- @BeforeClass configBc -->
  <testcase classname="crm.invoicetest.Createinvoice_withoutmandatoryfieldTest" name="@BeforeMethod configBm" time="0.0">
    <skipped/>
  </testcase> <!-- @BeforeMethod configBm -->
  <testcase classname="crm.invoicetest.Createinvoice_withoutmandatoryfieldTest" name="@AfterMethod configAm" time="0.0">
    <skipped/>
  </testcase> <!-- @AfterMethod configAm -->
  <testcase classname="crm.invoicetest.Createinvoice_withoutmandatoryfieldTest" name="@AfterClass configAc" time="0.0">
    <skipped/>
  </testcase> <!-- @AfterClass configAc -->
  <testcase classname="crm.masseditTest.MasseditTroubleTicketTest" name="createTroubletickettest" time="0.015">
    <skipped/>
  </testcase> <!-- createTroubletickettest -->
  <testcase classname="crm.invoicetest.CreateinvoiceTest" name="createTroubletickettest" time="0.0">
    <skipped/>
  </testcase> <!-- createTroubletickettest -->
  <testcase classname="crm.Trouble_TicketTest.CreateTroubleTicketTest" name="createTroubletickettest" time="0.0">
    <skipped/>
  </testcase> <!-- createTroubletickettest -->
  <testcase classname="crm.invoicetest.EndToEndInvoiceTest" name="EndtoendprocessofCreateinvoice" time="0.0">
    <skipped/>
  </testcase> <!-- EndtoendprocessofCreateinvoice -->
  <testcase classname="crm.invoicetest.Createinvoice_withoutmandatoryfieldTest" name="createTroubletickettest" time="0.015">
    <skipped/>
  </testcase> <!-- createTroubletickettest -->
</testsuite> <!-- Test -->
